# Activity Log

> Real-time tool call logging from stream-parser.


═══════════════════════════════════════════════════════════════
Ralph Session Started: Fri Jan  9 18:47:49 PKT 2026
═══════════════════════════════════════════════════════════════
[18:47:56] 🟢 TOKENS: 0 / 80000 (0%)

═══════════════════════════════════════════════════════════════
Ralph Session Started: Fri Jan  9 18:47:58 PKT 2026
═══════════════════════════════════════════════════════════════
[18:48:00] 🟢 TOKENS: 0 / 80000 (0%)

═══════════════════════════════════════════════════════════════
Ralph Session Started: Fri Jan  9 18:48:02 PKT 2026
═══════════════════════════════════════════════════════════════
[18:48:05] 🟢 TOKENS: 0 / 80000 (0%)

═══════════════════════════════════════════════════════════════
Ralph Session Started: Fri Jan  9 18:48:07 PKT 2026
═══════════════════════════════════════════════════════════════
[18:48:10] 🟢 TOKENS: 0 / 80000 (0%)

═══════════════════════════════════════════════════════════════
Ralph Session Started: Fri Jan  9 18:48:12 PKT 2026
═══════════════════════════════════════════════════════════════
[18:48:14] 🟢 TOKENS: 0 / 80000 (0%)

═══════════════════════════════════════════════════════════════
Ralph Session Started: Fri Jan  9 18:48:16 PKT 2026
═══════════════════════════════════════════════════════════════
[18:48:19] 🟢 TOKENS: 0 / 80000 (0%)

═══════════════════════════════════════════════════════════════
Ralph Session Started: Fri Jan  9 18:48:21 PKT 2026
═══════════════════════════════════════════════════════════════
[18:48:24] 🟢 TOKENS: 0 / 80000 (0%)

═══════════════════════════════════════════════════════════════
Ralph Session Started: Fri Jan  9 18:48:26 PKT 2026
═══════════════════════════════════════════════════════════════
[18:48:29] 🟢 TOKENS: 0 / 80000 (0%)

═══════════════════════════════════════════════════════════════
Ralph Session Started: Fri Jan  9 18:48:31 PKT 2026
═══════════════════════════════════════════════════════════════
[18:48:33] 🟢 TOKENS: 0 / 80000 (0%)

═══════════════════════════════════════════════════════════════
Ralph Session Started: Fri Jan  9 18:48:35 PKT 2026
═══════════════════════════════════════════════════════════════
[18:48:38] 🟢 TOKENS: 0 / 80000 (0%)

═══════════════════════════════════════════════════════════════
Ralph Session Started: Fri Jan  9 18:48:40 PKT 2026
═══════════════════════════════════════════════════════════════
[18:48:42] 🟢 TOKENS: 0 / 80000 (0%)

═══════════════════════════════════════════════════════════════
Ralph Session Started: Fri Jan  9 18:48:45 PKT 2026
═══════════════════════════════════════════════════════════════
[18:48:47] 🟢 TOKENS: 0 / 80000 (0%)

═══════════════════════════════════════════════════════════════
Ralph Session Started: Fri Jan  9 18:48:49 PKT 2026
═══════════════════════════════════════════════════════════════
[18:48:52] 🟢 TOKENS: 0 / 80000 (0%)

═══════════════════════════════════════════════════════════════
Ralph Session Started: Fri Jan  9 18:48:54 PKT 2026
═══════════════════════════════════════════════════════════════
[18:48:56] 🟢 TOKENS: 0 / 80000 (0%)

═══════════════════════════════════════════════════════════════
Ralph Session Started: Fri Jan  9 18:48:59 PKT 2026
═══════════════════════════════════════════════════════════════
[18:49:01] 🟢 TOKENS: 0 / 80000 (0%)

═══════════════════════════════════════════════════════════════
Ralph Session Started: Fri Jan  9 18:49:03 PKT 2026
═══════════════════════════════════════════════════════════════
[18:49:06] 🟢 TOKENS: 0 / 80000 (0%)

═══════════════════════════════════════════════════════════════
Ralph Session Started: Fri Jan  9 18:49:08 PKT 2026
═══════════════════════════════════════════════════════════════
[18:49:10] 🟢 TOKENS: 0 / 80000 (0%)

═══════════════════════════════════════════════════════════════
Ralph Session Started: Fri Jan  9 18:49:12 PKT 2026
═══════════════════════════════════════════════════════════════
[18:49:15] 🟢 TOKENS: 0 / 80000 (0%)

═══════════════════════════════════════════════════════════════
Ralph Session Started: Fri Jan  9 18:49:17 PKT 2026
═══════════════════════════════════════════════════════════════
[18:49:20] 🟢 TOKENS: 0 / 80000 (0%)

═══════════════════════════════════════════════════════════════
Ralph Session Started: Fri Jan  9 18:49:22 PKT 2026
═══════════════════════════════════════════════════════════════
